  Camera.cpp
C:\Users\jwwhi\source\repos\OpenGL_PBR\OpenGL_PBR\Camera.cpp(80,27): warning C4244: '=': conversion from 'double' to 'T', possible loss of data
          with
          [
              T=float
          ]
C:\Users\jwwhi\source\repos\OpenGL_PBR\OpenGL_PBR\Camera.cpp(81,27): warning C4244: '=': conversion from 'double' to 'T', possible loss of data
          with
          [
              T=float
          ]
C:\Users\jwwhi\source\repos\OpenGL_PBR\OpenGL_PBR\Camera.cpp(86,16): warning C4244: 'initializing': conversion from 'double' to 'float', possible loss of data
C:\Users\jwwhi\source\repos\OpenGL_PBR\OpenGL_PBR\Camera.cpp(87,16): warning C4244: 'initializing': conversion from 'double' to 'float', possible loss of data
C:\Users\jwwhi\source\repos\OpenGL_PBR\OpenGL_PBR\Camera.cpp(89,26): warning C4244: '=': conversion from 'double' to 'T', possible loss of data
          with
          [
              T=float
          ]
C:\Users\jwwhi\source\repos\OpenGL_PBR\OpenGL_PBR\Camera.cpp(90,26): warning C4244: '=': conversion from 'double' to 'T', possible loss of data
          with
          [
              T=float
          ]
  OpenGL_PBR.cpp
C:\Users\jwwhi\source\repos\OpenGL_PBR\OpenGL_PBR\OpenGL_PBR.cpp(216,19): warning C4244: 'initializing': conversion from 'double' to 'float', possible loss of data
C:\Users\jwwhi\source\repos\OpenGL_PBR\OpenGL_PBR\OpenGL_PBR.cpp(231,22): warning C4244: 'initializing': conversion from 'double' to 'float', possible loss of data
C:\Users\jwwhi\source\repos\OpenGL_PBR\OpenGL_PBR\OpenGL_PBR.cpp(246,13): warning C4244: 'initializing': conversion from 'double' to 'float', possible loss of data
C:\Users\jwwhi\source\repos\OpenGL_PBR\OpenGL_PBR\OpenGL_PBR.cpp(311,19): warning C4244: 'initializing': conversion from 'double' to 'float', possible loss of data
  Generating Code...
  OpenGL_PBR.vcxproj -> C:\Users\jwwhi\source\repos\OpenGL_PBR\x64\Debug\OpenGL_PBR.exe
